# JRE version: OpenJDK Runtime Environment Temurin-17.0.12+7 (17.0.12+7) (build 17.0.12+7)
# Java VM: OpenJDK 64-Bit Server VM Temurin-17.0.12+7 (17.0.12+7, mixed mode, tiered, compressed oops, compressed class ptrs, parallel gc, windows-amd64)
GC Precious Log:
 CPUs: 8 total, 8 available
 Memory: 8029M
 Large Page Support: Disabled
 NUMA Support: Disabled
 Compressed Oops: Enabled (32-bit)
 Alignments: Space 512K, Generation 512K, Heap 2M
 Heap Min Capacity: 100M
 Heap Initial Capacity: 100M
 Heap Max Capacity: 1G
 Pre-touch: Disabled
 Parallel Workers: 8
Heap:
 PSYoungGen      total 21504K, used 17168K [0x00000000eab00000, 0x00000000ecc80000, 0x0000000100000000)
  eden space 12800K, 69% used [0x00000000eab00000,0x00000000eb3a55d0,0x00000000eb780000)
  from space 8704K, 95% used [0x00000000eb880000,0x00000000ec09eca8,0x00000000ec100000)
  to   space 10752K, 0% used [0x00000000ec200000,0x00000000ec200000,0x00000000ecc80000)
 ParOldGen       total 389632K, used 344939K [0x00000000c0000000, 0x00000000d7c80000, 0x00000000eab00000)
  object space 389632K, 88% used [0x00000000c0000000,0x00000000d50dac98,0x00000000d7c80000)
 Metaspace       used 76200K, committed 77376K, reserved 1179648K
  class space    used 7834K, committed 8320K, reserved 1048576K
GC Heap History (20 events):
Event: 76.197 GC heap before
{Heap before GC invocations=192 (full 11):
 PSYoungGen      total 26624K, used 26442K [0x00000000eab00000, 0x00000000ed700000, 0x0000000100000000)
  eden space 11264K, 100% used [0x00000000eab00000,0x00000000eb600000,0x00000000eb600000)
  from space 15360K, 98% used [0x00000000eb600000,0x00000000ec4d2bf8,0x00000000ec500000)
  to   space 16896K, 0% used [0x00000000ec680000,0x00000000ec680000,0x00000000ed700000)
 ParOldGen       total 330752K, used 318910K [0x00000000c0000000, 0x00000000d4300000, 0x00000000eab00000)
  object space 330752K, 96% used [0x00000000c0000000,0x00000000d376f810,0x00000000d4300000)
 Metaspace       used 75805K, committed 77056K, reserved 1179648K
  class space    used 7797K, committed 8320K, reserved 1048576K
}
Event: 76.207 GC heap after
{Heap after GC invocations=192 (full 11):
 PSYoungGen      total 25088K, used 16891K [0x00000000eab00000, 0x00000000ede80000, 0x0000000100000000)
  eden space 8192K, 0% used [0x00000000eab00000,0x00000000eab00000,0x00000000eb300000)
  from space 16896K, 99% used [0x00000000ec680000,0x00000000ed6fef98,0x00000000ed700000)
  to   space 19968K, 0% used [0x00000000eb300000,0x00000000eb300000,0x00000000ec680000)
 ParOldGen       total 330752K, used 321071K [0x00000000c0000000, 0x00000000d4300000, 0x00000000eab00000)
  object space 330752K, 97% used [0x00000000c0000000,0x00000000d398bfb0,0x00000000d4300000)
 Metaspace       used 75805K, committed 77056K, reserved 1179648K
  class space    used 7797K, committed 8320K, reserved 1048576K
}
Event: 76.292 GC heap before
{Heap before GC invocations=193 (full 11):
 PSYoungGen      total 25088K, used 25047K [0x00000000eab00000, 0x00000000ede80000, 0x0000000100000000)
  eden space 8192K, 99% used [0x00000000eab00000,0x00000000eb2f6f70,0x00000000eb300000)
  from space 16896K, 99% used [0x00000000ec680000,0x00000000ed6fef98,0x00000000ed700000)
  to   space 19968K, 0% used [0x00000000eb300000,0x00000000eb300000,0x00000000ec680000)
 ParOldGen       total 330752K, used 321071K [0x00000000c0000000, 0x00000000d4300000, 0x00000000eab00000)
  object space 330752K, 97% used [0x00000000c0000000,0x00000000d398bfb0,0x00000000d4300000)
 Metaspace       used 75824K, committed 77056K, reserved 1179648K
  class space    used 7798K, committed 8320K, reserved 1048576K
}
Event: 76.305 GC heap after
{Heap after GC invocations=193 (full 11):
 PSYoungGen      total 20992K, used 12359K [0x00000000eab00000, 0x00000000ed180000, 0x0000000100000000)
  eden space 8192K, 0% used [0x00000000eab00000,0x00000000eab00000,0x00000000eb300000)
  from space 12800K, 96% used [0x00000000eb300000,0x00000000ebf11d58,0x00000000ebf80000)
  to   space 14848K, 0% used [0x00000000ec300000,0x00000000ec300000,0x00000000ed180000)
 ParOldGen       total 330752K, used 328512K [0x00000000c0000000, 0x00000000d4300000, 0x00000000eab00000)
  object space 330752K, 99% used [0x00000000c0000000,0x00000000d40d01e8,0x00000000d4300000)
 Metaspace       used 75824K, committed 77056K, reserved 1179648K
  class space    used 7798K, committed 8320K, reserved 1048576K
}
Event: 76.305 GC heap before
{Heap before GC invocations=194 (full 12):
 PSYoungGen      total 20992K, used 12359K [0x00000000eab00000, 0x00000000ed180000, 0x0000000100000000)
  eden space 8192K, 0% used [0x00000000eab00000,0x00000000eab00000,0x00000000eb300000)
  from space 12800K, 96% used [0x00000000eb300000,0x00000000ebf11d58,0x00000000ebf80000)
  to   space 14848K, 0% used [0x00000000ec300000,0x00000000ec300000,0x00000000ed180000)
 ParOldGen       total 330752K, used 328512K [0x00000000c0000000, 0x00000000d4300000, 0x00000000eab00000)
  object space 330752K, 99% used [0x00000000c0000000,0x00000000d40d01e8,0x00000000d4300000)
 Metaspace       used 75824K, committed 77056K, reserved 1179648K
  class space    used 7798K, committed 8320K, reserved 1048576K
}
Event: 76.820 GC heap after
{Heap after GC invocations=194 (full 12):
 PSYoungGen      total 20992K, used 8399K [0x00000000eab00000, 0x00000000ed100000, 0x0000000100000000)
  eden space 8192K, 0% used [0x00000000eab00000,0x00000000eab00000,0x00000000eb300000)
  from space 12800K, 65% used [0x00000000eb300000,0x00000000ebb33ce0,0x00000000ebf80000)
  to   space 14848K, 0% used [0x00000000ec280000,0x00000000ec280000,0x00000000ed100000)
 ParOldGen       total 330752K, used 330380K [0x00000000c0000000, 0x00000000d4300000, 0x00000000eab00000)
  object space 330752K, 99% used [0x00000000c0000000,0x00000000d42a3378,0x00000000d4300000)
 Metaspace       used 75824K, committed 77056K, reserved 1179648K
  class space    used 7798K, committed 8320K, reserved 1048576K
}
Event: 76.919 GC heap before
{Heap before GC invocations=195 (full 13):
 PSYoungGen      total 20992K, used 16591K [0x00000000eab00000, 0x00000000ed100000, 0x0000000100000000)
  eden space 8192K, 100% used [0x00000000eab00000,0x00000000eb300000,0x00000000eb300000)
  from space 12800K, 65% used [0x00000000eb300000,0x00000000ebb33ce0,0x00000000ebf80000)
  to   space 14848K, 0% used [0x00000000ec280000,0x00000000ec280000,0x00000000ed100000)
 ParOldGen       total 330752K, used 330380K [0x00000000c0000000, 0x00000000d4300000, 0x00000000eab00000)
  object space 330752K, 99% used [0x00000000c0000000,0x00000000d42a3378,0x00000000d4300000)
 Metaspace       used 75963K, committed 77184K, reserved 1179648K
  class space    used 7800K, committed 8320K, reserved 1048576K
}
Event: 77.222 GC heap after
{Heap after GC invocations=195 (full 13):
 PSYoungGen      total 20992K, used 10659K [0x00000000eab00000, 0x00000000ed100000, 0x0000000100000000)
  eden space 8192K, 96% used [0x00000000eab00000,0x00000000eb2c0590,0x00000000eb300000)
  from space 12800K, 21% used [0x00000000eb300000,0x00000000eb5a88c8,0x00000000ebf80000)
  to   space 14848K, 0% used [0x00000000ec280000,0x00000000ec280000,0x00000000ed100000)
 ParOldGen       total 389632K, used 330661K [0x00000000c0000000, 0x00000000d7c80000, 0x00000000eab00000)
  object space 389632K, 84% used [0x00000000c0000000,0x00000000d42e9488,0x00000000d7c80000)
 Metaspace       used 75963K, committed 77184K, reserved 1179648K
  class space    used 7800K, committed 8320K, reserved 1048576K
}
Event: 77.223 GC heap before
{Heap before GC invocations=196 (full 13):
 PSYoungGen      total 20992K, used 10914K [0x00000000eab00000, 0x00000000ed100000, 0x0000000100000000)
  eden space 8192K, 100% used [0x00000000eab00000,0x00000000eb300000,0x00000000eb300000)
  from space 12800K, 21% used [0x00000000eb300000,0x00000000eb5a88c8,0x00000000ebf80000)
  to   space 14848K, 0% used [0x00000000ec280000,0x00000000ec280000,0x00000000ed100000)
 ParOldGen       total 389632K, used 330661K [0x00000000c0000000, 0x00000000d7c80000, 0x00000000eab00000)
  object space 389632K, 84% used [0x00000000c0000000,0x00000000d42e9488,0x00000000d7c80000)
 Metaspace       used 75963K, committed 77184K, reserved 1179648K
  class space    used 7800K, committed 8320K, reserved 1048576K
}
Event: 77.278 GC heap after
{Heap after GC invocations=196 (full 13):
 PSYoungGen      total 18944K, used 9312K [0x00000000eab00000, 0x00000000ecc00000, 0x0000000100000000)
  eden space 9216K, 0% used [0x00000000eab00000,0x00000000eab00000,0x00000000eb400000)
  from space 9728K, 95% used [0x00000000ec280000,0x00000000ecb98340,0x00000000ecc00000)
  to   space 11264K, 0% used [0x00000000eb600000,0x00000000eb600000,0x00000000ec100000)
 ParOldGen       total 389632K, used 332469K [0x00000000c0000000, 0x00000000d7c80000, 0x00000000eab00000)
  object space 389632K, 85% used [0x00000000c0000000,0x00000000d44ad6a8,0x00000000d7c80000)
 Metaspace       used 75963K, committed 77184K, reserved 1179648K
  class space    used 7800K, committed 8320K, reserved 1048576K
}
Event: 77.422 GC heap before
{Heap before GC invocations=197 (full 13):
 PSYoungGen      total 18944K, used 18528K [0x00000000eab00000, 0x00000000ecc00000, 0x0000000100000000)
  eden space 9216K, 100% used [0x00000000eab00000,0x00000000eb400000,0x00000000eb400000)
  from space 9728K, 95% used [0x00000000ec280000,0x00000000ecb98340,0x00000000ecc00000)
  to   space 11264K, 0% used [0x00000000eb600000,0x00000000eb600000,0x00000000ec100000)
 ParOldGen       total 389632K, used 332469K [0x00000000c0000000, 0x00000000d7c80000, 0x00000000eab00000)
  object space 389632K, 85% used [0x00000000c0000000,0x00000000d44ad6a8,0x00000000d7c80000)
 Metaspace       used 75981K, committed 77184K, reserved 1179648K
  class space    used 7800K, committed 8320K, reserved 1048576K
}
Event: 77.428 GC heap after
{Heap after GC invocations=197 (full 13):
 PSYoungGen      total 20992K, used 11253K [0x00000000eab00000, 0x00000000ecc80000, 0x0000000100000000)
  eden space 9728K, 0% used [0x00000000eab00000,0x00000000eab00000,0x00000000eb480000)
  from space 11264K, 99% used [0x00000000eb600000,0x00000000ec0fd798,0x00000000ec100000)
  to   space 11776K, 0% used [0x00000000ec100000,0x00000000ec100000,0x00000000ecc80000)
 ParOldGen       total 389632K, used 332954K [0x00000000c0000000, 0x00000000d7c80000, 0x00000000eab00000)
  object space 389632K, 85% used [0x00000000c0000000,0x00000000d4526aa0,0x00000000d7c80000)
 Metaspace       used 75981K, committed 77184K, reserved 1179648K
  class space    used 7800K, committed 8320K, reserved 1048576K
}
Event: 77.452 GC heap before
{Heap before GC invocations=198 (full 13):
 PSYoungGen      total 20992K, used 20981K [0x00000000eab00000, 0x00000000ecc80000, 0x0000000100000000)
  eden space 9728K, 100% used [0x00000000eab00000,0x00000000eb480000,0x00000000eb480000)
  from space 11264K, 99% used [0x00000000eb600000,0x00000000ec0fd798,0x00000000ec100000)
  to   space 11776K, 0% used [0x00000000ec100000,0x00000000ec100000,0x00000000ecc80000)
 ParOldGen       total 389632K, used 332954K [0x00000000c0000000, 0x00000000d7c80000, 0x00000000eab00000)
  object space 389632K, 85% used [0x00000000c0000000,0x00000000d4526aa0,0x00000000d7c80000)
 Metaspace       used 75986K, committed 77184K, reserved 1179648K
  class space    used 7800K, committed 8320K, reserved 1048576K
}
Event: 77.459 GC heap after
{Heap after GC invocations=198 (full 13):
 PSYoungGen      total 22528K, used 11606K [0x00000000eab00000, 0x00000000ecc80000, 0x0000000100000000)
  eden space 10752K, 0% used [0x00000000eab00000,0x00000000eab00000,0x00000000eb580000)
  from space 11776K, 98% used [0x00000000ec100000,0x00000000ecc55b70,0x00000000ecc80000)
  to   space 11776K, 0% used [0x00000000eb580000,0x00000000eb580000,0x00000000ec100000)
 ParOldGen       total 389632K, used 337185K [0x00000000c0000000, 0x00000000d7c80000, 0x00000000eab00000)
  object space 389632K, 86% used [0x00000000c0000000,0x00000000d49486d8,0x00000000d7c80000)
 Metaspace       used 75986K, committed 77184K, reserved 1179648K
  class space    used 7800K, committed 8320K, reserved 1048576K
}
Event: 77.513 GC heap before
{Heap before GC invocations=199 (full 13):
 PSYoungGen      total 22528K, used 22358K [0x00000000eab00000, 0x00000000ecc80000, 0x0000000100000000)
  eden space 10752K, 100% used [0x00000000eab00000,0x00000000eb580000,0x00000000eb580000)
  from space 11776K, 98% used [0x00000000ec100000,0x00000000ecc55b70,0x00000000ecc80000)
  to   space 11776K, 0% used [0x00000000eb580000,0x00000000eb580000,0x00000000ec100000)
 ParOldGen       total 389632K, used 337185K [0x00000000c0000000, 0x00000000d7c80000, 0x00000000eab00000)
  object space 389632K, 86% used [0x00000000c0000000,0x00000000d49486d8,0x00000000d7c80000)
 Metaspace       used 75991K, committed 77248K, reserved 1179648K
  class space    used 7800K, committed 8320K, reserved 1048576K
}
Event: 77.521 GC heap after
{Heap after GC invocations=199 (full 13):
 PSYoungGen      total 22528K, used 11774K [0x00000000eab00000, 0x00000000eda80000, 0x0000000100000000)
  eden space 10752K, 0% used [0x00000000eab00000,0x00000000eab00000,0x00000000eb580000)
  from space 11776K, 99% used [0x00000000eb580000,0x00000000ec0ff8b8,0x00000000ec100000)
  to   space 18432K, 0% used [0x00000000ec880000,0x00000000ec880000,0x00000000eda80000)
 ParOldGen       total 389632K, used 342593K [0x00000000c0000000, 0x00000000d7c80000, 0x00000000eab00000)
  object space 389632K, 87% used [0x00000000c0000000,0x00000000d4e90580,0x00000000d7c80000)
 Metaspace       used 75991K, committed 77248K, reserved 1179648K
  class space    used 7800K, committed 8320K, reserved 1048576K
}
Event: 77.567 GC heap before
{Heap before GC invocations=200 (full 13):
 PSYoungGen      total 22528K, used 22526K [0x00000000eab00000, 0x00000000eda80000, 0x0000000100000000)
  eden space 10752K, 100% used [0x00000000eab00000,0x00000000eb580000,0x00000000eb580000)
  from space 11776K, 99% used [0x00000000eb580000,0x00000000ec0ff8b8,0x00000000ec100000)
  to   space 18432K, 0% used [0x00000000ec880000,0x00000000ec880000,0x00000000eda80000)
 ParOldGen       total 389632K, used 342593K [0x00000000c0000000, 0x00000000d7c80000, 0x00000000eab00000)
  object space 389632K, 87% used [0x00000000c0000000,0x00000000d4e90580,0x00000000d7c80000)
 Metaspace       used 75994K, committed 77248K, reserved 1179648K
  class space    used 7801K, committed 8320K, reserved 1048576K
}
Event: 77.576 GC heap after
{Heap after GC invocations=200 (full 13):
 PSYoungGen      total 25088K, used 13305K [0x00000000eab00000, 0x00000000ed580000, 0x0000000100000000)
  eden space 11776K, 0% used [0x00000000eab00000,0x00000000eab00000,0x00000000eb680000)
  from space 13312K, 99% used [0x00000000ec880000,0x00000000ed57e6a0,0x00000000ed580000)
  to   space 14848K, 0% used [0x00000000eb880000,0x00000000eb880000,0x00000000ec700000)
 ParOldGen       total 389632K, used 344939K [0x00000000c0000000, 0x00000000d7c80000, 0x00000000eab00000)
  object space 389632K, 88% used [0x00000000c0000000,0x00000000d50dac98,0x00000000d7c80000)
 Metaspace       used 75994K, committed 77248K, reserved 1179648K
  class space    used 7801K, committed 8320K, reserved 1048576K
}
Event: 77.955 GC heap before
{Heap before GC invocations=201 (full 13):
 PSYoungGen      total 25088K, used 25081K [0x00000000eab00000, 0x00000000ed580000, 0x0000000100000000)
  eden space 11776K, 100% used [0x00000000eab00000,0x00000000eb680000,0x00000000eb680000)
  from space 13312K, 99% used [0x00000000ec880000,0x00000000ed57e6a0,0x00000000ed580000)
  to   space 14848K, 0% used [0x00000000eb880000,0x00000000eb880000,0x00000000ec700000)
 ParOldGen       total 389632K, used 344939K [0x00000000c0000000, 0x00000000d7c80000, 0x00000000eab00000)
  object space 389632K, 88% used [0x00000000c0000000,0x00000000d50dac98,0x00000000d7c80000)
 Metaspace       used 76070K, committed 77312K, reserved 1179648K
  class space    used 7810K, committed 8320K, reserved 1048576K
}
Event: 77.963 GC heap after
{Heap after GC invocations=201 (full 13):
 PSYoungGen      total 21504K, used 8315K [0x00000000eab00000, 0x00000000ecc80000, 0x0000000100000000)
  eden space 12800K, 0% used [0x00000000eab00000,0x00000000eab00000,0x00000000eb780000)
  from space 8704K, 95% used [0x00000000eb880000,0x00000000ec09eca8,0x00000000ec100000)
  to   space 10752K, 0% used [0x00000000ec200000,0x00000000ec200000,0x00000000ecc80000)
 ParOldGen       total 389632K, used 344939K [0x00000000c0000000, 0x00000000d7c80000, 0x00000000eab00000)
  object space 389632K, 88% used [0x00000000c0000000,0x00000000d50dac98,0x00000000d7c80000)
 Metaspace       used 76070K, committed 77312K, reserved 1179648K
  class space    used 7810K, committed 8320K, reserved 1048576K
}

