# JRE version: OpenJDK Runtime Environment Temurin-17.0.12+7 (17.0.12+7) (build 17.0.12+7)
# Java VM: OpenJDK 64-Bit Server VM Temurin-17.0.12+7 (17.0.12+7, mixed mode, emulated-client, tiered, compressed oops, compressed class ptrs, g1 gc, windows-amd64)
GC Precious Log:
 CPUs: 8 total, 8 available
 Memory: 8029M
 Large Page Support: Disabled
 NUMA Support: Disabled
 Compressed Oops: Enabled (32-bit)
 Heap Region Size: 1M
 Heap Min Capacity: 8M
 Heap Initial Capacity: 126M
 Heap Max Capacity: 1G
 Pre-touch: Disabled
 Parallel Workers: 8
 Concurrent Workers: 2
 Concurrent Refinement Workers: 8
 Periodic GC: Disabled
Heap:
 garbage-first heap   total 75776K, used 25572K [0x00000000c0000000, 0x0000000100000000)
  region size 1024K, 1 young (1024K), 0 survivors (0K)
 Metaspace       used 41811K, committed 42368K, reserved 1114112K
  class space    used 5383K, committed 5632K, reserved 1048576K
GC Heap History (20 events):
Event: 2132.359 GC heap after
{Heap after GC invocations=79 (full 69):
 garbage-first heap   total 75776K, used 25572K [0x00000000c0000000, 0x0000000100000000)
  region size 1024K, 0 young (0K), 0 survivors (0K)
 Metaspace       used 41811K, committed 42368K, reserved 1114112K
  class space    used 5383K, committed 5632K, reserved 1048576K
}
Event: 2142.531 GC heap before
{Heap before GC invocations=79 (full 69):
 garbage-first heap   total 75776K, used 25572K [0x00000000c0000000, 0x0000000100000000)
  region size 1024K, 1 young (1024K), 0 survivors (0K)
 Metaspace       used 41811K, committed 42368K, reserved 1114112K
  class space    used 5383K, committed 5632K, reserved 1048576K
}
Event: 2142.562 GC heap after
{Heap after GC invocations=80 (full 70):
 garbage-first heap   total 75776K, used 25572K [0x00000000c0000000, 0x0000000100000000)
  region size 1024K, 0 young (0K), 0 survivors (0K)
 Metaspace       used 41811K, committed 42368K, reserved 1114112K
  class space    used 5383K, committed 5632K, reserved 1048576K
}
Event: 2152.770 GC heap before
{Heap before GC invocations=80 (full 70):
 garbage-first heap   total 75776K, used 25572K [0x00000000c0000000, 0x0000000100000000)
  region size 1024K, 1 young (1024K), 0 survivors (0K)
 Metaspace       used 41811K, committed 42368K, reserved 1114112K
  class space    used 5383K, committed 5632K, reserved 1048576K
}
Event: 2152.806 GC heap after
{Heap after GC invocations=81 (full 71):
 garbage-first heap   total 75776K, used 25572K [0x00000000c0000000, 0x0000000100000000)
  region size 1024K, 0 young (0K), 0 survivors (0K)
 Metaspace       used 41811K, committed 42368K, reserved 1114112K
  class space    used 5383K, committed 5632K, reserved 1048576K
}
Event: 2163.016 GC heap before
{Heap before GC invocations=81 (full 71):
 garbage-first heap   total 75776K, used 25572K [0x00000000c0000000, 0x0000000100000000)
  region size 1024K, 1 young (1024K), 0 survivors (0K)
 Metaspace       used 41811K, committed 42368K, reserved 1114112K
  class space    used 5383K, committed 5632K, reserved 1048576K
}
Event: 2163.040 GC heap after
{Heap after GC invocations=82 (full 72):
 garbage-first heap   total 75776K, used 25572K [0x00000000c0000000, 0x0000000100000000)
  region size 1024K, 0 young (0K), 0 survivors (0K)
 Metaspace       used 41811K, committed 42368K, reserved 1114112K
  class space    used 5383K, committed 5632K, reserved 1048576K
}
Event: 2173.269 GC heap before
{Heap before GC invocations=82 (full 72):
 garbage-first heap   total 75776K, used 25572K [0x00000000c0000000, 0x0000000100000000)
  region size 1024K, 1 young (1024K), 0 survivors (0K)
 Metaspace       used 41811K, committed 42368K, reserved 1114112K
  class space    used 5383K, committed 5632K, reserved 1048576K
}
Event: 2173.290 GC heap after
{Heap after GC invocations=83 (full 73):
 garbage-first heap   total 75776K, used 25572K [0x00000000c0000000, 0x0000000100000000)
  region size 1024K, 0 young (0K), 0 survivors (0K)
 Metaspace       used 41811K, committed 42368K, reserved 1114112K
  class space    used 5383K, committed 5632K, reserved 1048576K
}
Event: 2183.453 GC heap before
{Heap before GC invocations=83 (full 73):
 garbage-first heap   total 75776K, used 25572K [0x00000000c0000000, 0x0000000100000000)
  region size 1024K, 1 young (1024K), 0 survivors (0K)
 Metaspace       used 41811K, committed 42368K, reserved 1114112K
  class space    used 5383K, committed 5632K, reserved 1048576K
}
Event: 2183.475 GC heap after
{Heap after GC invocations=84 (full 74):
 garbage-first heap   total 75776K, used 25572K [0x00000000c0000000, 0x0000000100000000)
  region size 1024K, 0 young (0K), 0 survivors (0K)
 Metaspace       used 41811K, committed 42368K, reserved 1114112K
  class space    used 5383K, committed 5632K, reserved 1048576K
}
Event: 2193.699 GC heap before
{Heap before GC invocations=84 (full 74):
 garbage-first heap   total 75776K, used 25572K [0x00000000c0000000, 0x0000000100000000)
  region size 1024K, 1 young (1024K), 0 survivors (0K)
 Metaspace       used 41811K, committed 42368K, reserved 1114112K
  class space    used 5383K, committed 5632K, reserved 1048576K
}
Event: 2193.745 GC heap after
{Heap after GC invocations=85 (full 75):
 garbage-first heap   total 75776K, used 25572K [0x00000000c0000000, 0x0000000100000000)
  region size 1024K, 0 young (0K), 0 survivors (0K)
 Metaspace       used 41811K, committed 42368K, reserved 1114112K
  class space    used 5383K, committed 5632K, reserved 1048576K
}
Event: 2204.136 GC heap before
{Heap before GC invocations=85 (full 75):
 garbage-first heap   total 75776K, used 25572K [0x00000000c0000000, 0x0000000100000000)
  region size 1024K, 1 young (1024K), 0 survivors (0K)
 Metaspace       used 41811K, committed 42368K, reserved 1114112K
  class space    used 5383K, committed 5632K, reserved 1048576K
}
Event: 2204.211 GC heap after
{Heap after GC invocations=86 (full 76):
 garbage-first heap   total 75776K, used 25572K [0x00000000c0000000, 0x0000000100000000)
  region size 1024K, 0 young (0K), 0 survivors (0K)
 Metaspace       used 41811K, committed 42368K, reserved 1114112K
  class space    used 5383K, committed 5632K, reserved 1048576K
}
Event: 2214.592 GC heap before
{Heap before GC invocations=86 (full 76):
 garbage-first heap   total 75776K, used 25572K [0x00000000c0000000, 0x0000000100000000)
  region size 1024K, 1 young (1024K), 0 survivors (0K)
 Metaspace       used 41811K, committed 42368K, reserved 1114112K
  class space    used 5383K, committed 5632K, reserved 1048576K
}
Event: 2214.636 GC heap after
{Heap after GC invocations=87 (full 77):
 garbage-first heap   total 75776K, used 25572K [0x00000000c0000000, 0x0000000100000000)
  region size 1024K, 0 young (0K), 0 survivors (0K)
 Metaspace       used 41811K, committed 42368K, reserved 1114112K
  class space    used 5383K, committed 5632K, reserved 1048576K
}
Event: 2227.903 GC heap before
{Heap before GC invocations=87 (full 77):
 garbage-first heap   total 75776K, used 25572K [0x00000000c0000000, 0x0000000100000000)
  region size 1024K, 1 young (1024K), 0 survivors (0K)
 Metaspace       used 41811K, committed 42368K, reserved 1114112K
  class space    used 5383K, committed 5632K, reserved 1048576K
}
Event: 2228.052 GC heap after
{Heap after GC invocations=88 (full 78):
 garbage-first heap   total 75776K, used 25572K [0x00000000c0000000, 0x0000000100000000)
  region size 1024K, 0 young (0K), 0 survivors (0K)
 Metaspace       used 41811K, committed 42368K, reserved 1114112K
  class space    used 5383K, committed 5632K, reserved 1048576K
}
Event: 2238.397 GC heap before
{Heap before GC invocations=88 (full 78):
 garbage-first heap   total 75776K, used 25572K [0x00000000c0000000, 0x0000000100000000)
  region size 1024K, 1 young (1024K), 0 survivors (0K)
 Metaspace       used 41811K, committed 42368K, reserved 1114112K
  class space    used 5383K, committed 5632K, reserved 1048576K
}

