# JRE version: OpenJDK Runtime Environment Temurin-17.0.12+7 (17.0.12+7) (build 17.0.12+7)
# Java VM: OpenJDK 64-Bit Server VM Temurin-17.0.12+7 (17.0.12+7, mixed mode, tiered, compressed oops, compressed class ptrs, parallel gc, windows-amd64)
GC Precious Log:
 CPUs: 8 total, 8 available
 Memory: 8029M
 Large Page Support: Disabled
 NUMA Support: Disabled
 Compressed Oops: Enabled (32-bit)
 Alignments: Space 512K, Generation 512K, Heap 2M
 Heap Min Capacity: 100M
 Heap Initial Capacity: 100M
 Heap Max Capacity: 1G
 Pre-touch: Disabled
 Parallel Workers: 8
Heap:
 PSYoungGen      total 17408K, used 7711K [0x00000000eab00000, 0x00000000ec180000, 0x0000000100000000)
  eden space 12800K, 24% used [0x00000000eab00000,0x00000000eae09d28,0x00000000eb780000)
  from space 4608K, 99% used [0x00000000ebd00000,0x00000000ec17e008,0x00000000ec180000)
  to   space 3584K, 0% used [0x00000000eb780000,0x00000000eb780000,0x00000000ebb00000)
 ParOldGen       total 336384K, used 306483K [0x00000000c0000000, 0x00000000d4880000, 0x00000000eab00000)
  object space 336384K, 91% used [0x00000000c0000000,0x00000000d2b4cf60,0x00000000d4880000)
 Metaspace       used 78371K, committed 79680K, reserved 1179648K
  class space    used 8103K, committed 8704K, reserved 1048576K
GC Heap History (20 events):
Event: 57.646 GC heap before
{Heap before GC invocations=850 (full 18):
 PSYoungGen      total 11264K, used 10887K [0x00000000eab00000, 0x00000000eba80000, 0x0000000100000000)
  eden space 8192K, 100% used [0x00000000eab00000,0x00000000eb300000,0x00000000eb300000)
  from space 3072K, 87% used [0x00000000eb780000,0x00000000eba21f78,0x00000000eba80000)
  to   space 3584K, 0% used [0x00000000eb380000,0x00000000eb380000,0x00000000eb700000)
 ParOldGen       total 297472K, used 286765K [0x00000000c0000000, 0x00000000d2280000, 0x00000000eab00000)
  object space 297472K, 96% used [0x00000000c0000000,0x00000000d180b730,0x00000000d2280000)
 Metaspace       used 78347K, committed 79680K, reserved 1179648K
  class space    used 8101K, committed 8704K, reserved 1048576K
}
Event: 57.658 GC heap after
{Heap after GC invocations=850 (full 18):
 PSYoungGen      total 12288K, used 3566K [0x00000000eab00000, 0x00000000ec180000, 0x0000000100000000)
  eden space 8704K, 0% used [0x00000000eab00000,0x00000000eab00000,0x00000000eb380000)
  from space 3584K, 99% used [0x00000000eb380000,0x00000000eb6fba18,0x00000000eb700000)
  to   space 6656K, 0% used [0x00000000ebb00000,0x00000000ebb00000,0x00000000ec180000)
 ParOldGen       total 297472K, used 288958K [0x00000000c0000000, 0x00000000d2280000, 0x00000000eab00000)
  object space 297472K, 97% used [0x00000000c0000000,0x00000000d1a2fb18,0x00000000d2280000)
 Metaspace       used 78347K, committed 79680K, reserved 1179648K
  class space    used 8101K, committed 8704K, reserved 1048576K
}
Event: 57.765 GC heap before
{Heap before GC invocations=851 (full 18):
 PSYoungGen      total 12288K, used 12210K [0x00000000eab00000, 0x00000000ec180000, 0x0000000100000000)
  eden space 8704K, 99% used [0x00000000eab00000,0x00000000eb370e88,0x00000000eb380000)
  from space 3584K, 99% used [0x00000000eb380000,0x00000000eb6fba18,0x00000000eb700000)
  to   space 6656K, 0% used [0x00000000ebb00000,0x00000000ebb00000,0x00000000ec180000)
 ParOldGen       total 297472K, used 288958K [0x00000000c0000000, 0x00000000d2280000, 0x00000000eab00000)
  object space 297472K, 97% used [0x00000000c0000000,0x00000000d1a2fb18,0x00000000d2280000)
 Metaspace       used 78347K, committed 79680K, reserved 1179648K
  class space    used 8101K, committed 8704K, reserved 1048576K
}
Event: 57.770 GC heap after
{Heap after GC invocations=851 (full 18):
 PSYoungGen      total 13824K, used 3467K [0x00000000eab00000, 0x00000000ebe80000, 0x0000000100000000)
  eden space 10240K, 0% used [0x00000000eab00000,0x00000000eab00000,0x00000000eb500000)
  from space 3584K, 96% used [0x00000000ebb00000,0x00000000ebe62d30,0x00000000ebe80000)
  to   space 4608K, 0% used [0x00000000eb580000,0x00000000eb580000,0x00000000eba00000)
 ParOldGen       total 297472K, used 292368K [0x00000000c0000000, 0x00000000d2280000, 0x00000000eab00000)
  object space 297472K, 98% used [0x00000000c0000000,0x00000000d1d84320,0x00000000d2280000)
 Metaspace       used 78347K, committed 79680K, reserved 1179648K
  class space    used 8101K, committed 8704K, reserved 1048576K
}
Event: 57.813 GC heap before
{Heap before GC invocations=852 (full 18):
 PSYoungGen      total 13824K, used 13670K [0x00000000eab00000, 0x00000000ebe80000, 0x0000000100000000)
  eden space 10240K, 99% used [0x00000000eab00000,0x00000000eb4f6bb8,0x00000000eb500000)
  from space 3584K, 96% used [0x00000000ebb00000,0x00000000ebe62d30,0x00000000ebe80000)
  to   space 4608K, 0% used [0x00000000eb580000,0x00000000eb580000,0x00000000eba00000)
 ParOldGen       total 297472K, used 292368K [0x00000000c0000000, 0x00000000d2280000, 0x00000000eab00000)
  object space 297472K, 98% used [0x00000000c0000000,0x00000000d1d84320,0x00000000d2280000)
 Metaspace       used 78347K, committed 79680K, reserved 1179648K
  class space    used 8101K, committed 8704K, reserved 1048576K
}
Event: 57.833 GC heap after
{Heap after GC invocations=852 (full 18):
 PSYoungGen      total 15360K, used 4121K [0x00000000eab00000, 0x00000000ebf80000, 0x0000000100000000)
  eden space 10752K, 0% used [0x00000000eab00000,0x00000000eab00000,0x00000000eb580000)
  from space 4608K, 89% used [0x00000000eb580000,0x00000000eb986530,0x00000000eba00000)
  to   space 4608K, 0% used [0x00000000ebb00000,0x00000000ebb00000,0x00000000ebf80000)
 ParOldGen       total 297472K, used 295604K [0x00000000c0000000, 0x00000000d2280000, 0x00000000eab00000)
  object space 297472K, 99% used [0x00000000c0000000,0x00000000d20ad2a8,0x00000000d2280000)
 Metaspace       used 78347K, committed 79680K, reserved 1179648K
  class space    used 8101K, committed 8704K, reserved 1048576K
}
Event: 57.833 GC heap before
{Heap before GC invocations=853 (full 19):
 PSYoungGen      total 15360K, used 4121K [0x00000000eab00000, 0x00000000ebf80000, 0x0000000100000000)
  eden space 10752K, 0% used [0x00000000eab00000,0x00000000eab00000,0x00000000eb580000)
  from space 4608K, 89% used [0x00000000eb580000,0x00000000eb986530,0x00000000eba00000)
  to   space 4608K, 0% used [0x00000000ebb00000,0x00000000ebb00000,0x00000000ebf80000)
 ParOldGen       total 297472K, used 295604K [0x00000000c0000000, 0x00000000d2280000, 0x00000000eab00000)
  object space 297472K, 99% used [0x00000000c0000000,0x00000000d20ad2a8,0x00000000d2280000)
 Metaspace       used 78347K, committed 79680K, reserved 1179648K
  class space    used 8101K, committed 8704K, reserved 1048576K
}
Event: 58.158 GC heap after
{Heap after GC invocations=853 (full 19):
 PSYoungGen      total 16384K, used 0K [0x00000000eab00000, 0x00000000ec000000, 0x0000000100000000)
  eden space 11776K, 0% used [0x00000000eab00000,0x00000000eab00000,0x00000000eb680000)
  from space 4608K, 0% used [0x00000000ebb00000,0x00000000ebb00000,0x00000000ebf80000)
  to   space 4608K, 0% used [0x00000000eb680000,0x00000000eb680000,0x00000000ebb00000)
 ParOldGen       total 336384K, used 297239K [0x00000000c0000000, 0x00000000d4880000, 0x00000000eab00000)
  object space 336384K, 88% used [0x00000000c0000000,0x00000000d2245f48,0x00000000d4880000)
 Metaspace       used 78347K, committed 79680K, reserved 1179648K
  class space    used 8101K, committed 8704K, reserved 1048576K
}
Event: 58.196 GC heap before
{Heap before GC invocations=854 (full 19):
 PSYoungGen      total 16384K, used 11776K [0x00000000eab00000, 0x00000000ec000000, 0x0000000100000000)
  eden space 11776K, 100% used [0x00000000eab00000,0x00000000eb680000,0x00000000eb680000)
  from space 4608K, 0% used [0x00000000ebb00000,0x00000000ebb00000,0x00000000ebf80000)
  to   space 4608K, 0% used [0x00000000eb680000,0x00000000eb680000,0x00000000ebb00000)
 ParOldGen       total 336384K, used 297239K [0x00000000c0000000, 0x00000000d4880000, 0x00000000eab00000)
  object space 336384K, 88% used [0x00000000c0000000,0x00000000d2245f48,0x00000000d4880000)
 Metaspace       used 78347K, committed 79680K, reserved 1179648K
  class space    used 8101K, committed 8704K, reserved 1048576K
}
Event: 58.201 GC heap after
{Heap after GC invocations=854 (full 19):
 PSYoungGen      total 16384K, used 4599K [0x00000000eab00000, 0x00000000ec300000, 0x0000000100000000)
  eden space 11776K, 0% used [0x00000000eab00000,0x00000000eab00000,0x00000000eb680000)
  from space 4608K, 99% used [0x00000000eb680000,0x00000000ebafdc78,0x00000000ebb00000)
  to   space 5632K, 0% used [0x00000000ebd80000,0x00000000ebd80000,0x00000000ec300000)
 ParOldGen       total 336384K, used 297599K [0x00000000c0000000, 0x00000000d4880000, 0x00000000eab00000)
  object space 336384K, 88% used [0x00000000c0000000,0x00000000d229fd50,0x00000000d4880000)
 Metaspace       used 78347K, committed 79680K, reserved 1179648K
  class space    used 8101K, committed 8704K, reserved 1048576K
}
Event: 58.398 GC heap before
{Heap before GC invocations=855 (full 19):
 PSYoungGen      total 16384K, used 16375K [0x00000000eab00000, 0x00000000ec300000, 0x0000000100000000)
  eden space 11776K, 100% used [0x00000000eab00000,0x00000000eb680000,0x00000000eb680000)
  from space 4608K, 99% used [0x00000000eb680000,0x00000000ebafdc78,0x00000000ebb00000)
  to   space 5632K, 0% used [0x00000000ebd80000,0x00000000ebd80000,0x00000000ec300000)
 ParOldGen       total 336384K, used 297599K [0x00000000c0000000, 0x00000000d4880000, 0x00000000eab00000)
  object space 336384K, 88% used [0x00000000c0000000,0x00000000d229fd50,0x00000000d4880000)
 Metaspace       used 78361K, committed 79680K, reserved 1179648K
  class space    used 8103K, committed 8704K, reserved 1048576K
}
Event: 58.407 GC heap after
{Heap after GC invocations=855 (full 19):
 PSYoungGen      total 17408K, used 3994K [0x00000000eab00000, 0x00000000ec180000, 0x0000000100000000)
  eden space 13312K, 0% used [0x00000000eab00000,0x00000000eab00000,0x00000000eb800000)
  from space 4096K, 97% used [0x00000000ebd80000,0x00000000ec166b90,0x00000000ec180000)
  to   space 4608K, 0% used [0x00000000eb880000,0x00000000eb880000,0x00000000ebd00000)
 ParOldGen       total 336384K, used 302045K [0x00000000c0000000, 0x00000000d4880000, 0x00000000eab00000)
  object space 336384K, 89% used [0x00000000c0000000,0x00000000d26f75f0,0x00000000d4880000)
 Metaspace       used 78361K, committed 79680K, reserved 1179648K
  class space    used 8103K, committed 8704K, reserved 1048576K
}
Event: 58.788 GC heap before
{Heap before GC invocations=856 (full 19):
 PSYoungGen      total 17408K, used 17306K [0x00000000eab00000, 0x00000000ec180000, 0x0000000100000000)
  eden space 13312K, 100% used [0x00000000eab00000,0x00000000eb800000,0x00000000eb800000)
  from space 4096K, 97% used [0x00000000ebd80000,0x00000000ec166b90,0x00000000ec180000)
  to   space 4608K, 0% used [0x00000000eb880000,0x00000000eb880000,0x00000000ebd00000)
 ParOldGen       total 336384K, used 302045K [0x00000000c0000000, 0x00000000d4880000, 0x00000000eab00000)
  object space 336384K, 89% used [0x00000000c0000000,0x00000000d26f75f0,0x00000000d4880000)
 Metaspace       used 78369K, committed 79680K, reserved 1179648K
  class space    used 8103K, committed 8704K, reserved 1048576K
}
Event: 58.793 GC heap after
{Heap after GC invocations=856 (full 19):
 PSYoungGen      total 18432K, used 4418K [0x00000000eab00000, 0x00000000ec280000, 0x0000000100000000)
  eden space 13824K, 0% used [0x00000000eab00000,0x00000000eab00000,0x00000000eb880000)
  from space 4608K, 95% used [0x00000000eb880000,0x00000000ebcd0a60,0x00000000ebd00000)
  to   space 4608K, 0% used [0x00000000ebe00000,0x00000000ebe00000,0x00000000ec280000)
 ParOldGen       total 336384K, used 302053K [0x00000000c0000000, 0x00000000d4880000, 0x00000000eab00000)
  object space 336384K, 89% used [0x00000000c0000000,0x00000000d26f95f0,0x00000000d4880000)
 Metaspace       used 78369K, committed 79680K, reserved 1179648K
  class space    used 8103K, committed 8704K, reserved 1048576K
}
Event: 58.987 GC heap before
{Heap before GC invocations=857 (full 19):
 PSYoungGen      total 18432K, used 18242K [0x00000000eab00000, 0x00000000ec280000, 0x0000000100000000)
  eden space 13824K, 100% used [0x00000000eab00000,0x00000000eb880000,0x00000000eb880000)
  from space 4608K, 95% used [0x00000000eb880000,0x00000000ebcd0a60,0x00000000ebd00000)
  to   space 4608K, 0% used [0x00000000ebe00000,0x00000000ebe00000,0x00000000ec280000)
 ParOldGen       total 336384K, used 302053K [0x00000000c0000000, 0x00000000d4880000, 0x00000000eab00000)
  object space 336384K, 89% used [0x00000000c0000000,0x00000000d26f95f0,0x00000000d4880000)
 Metaspace       used 78371K, committed 79680K, reserved 1179648K
  class space    used 8103K, committed 8704K, reserved 1048576K
}
Event: 58.994 GC heap after
{Heap after GC invocations=857 (full 19):
 PSYoungGen      total 17408K, used 4593K [0x00000000eab00000, 0x00000000ec680000, 0x0000000100000000)
  eden space 12800K, 0% used [0x00000000eab00000,0x00000000eab00000,0x00000000eb780000)
  from space 4608K, 99% used [0x00000000ebe00000,0x00000000ec27c7b8,0x00000000ec280000)
  to   space 6656K, 0% used [0x00000000eb780000,0x00000000eb780000,0x00000000ebe00000)
 ParOldGen       total 336384K, used 303576K [0x00000000c0000000, 0x00000000d4880000, 0x00000000eab00000)
  object space 336384K, 90% used [0x00000000c0000000,0x00000000d2876278,0x00000000d4880000)
 Metaspace       used 78371K, committed 79680K, reserved 1179648K
  class space    used 8103K, committed 8704K, reserved 1048576K
}
Event: 59.273 GC heap before
{Heap before GC invocations=858 (full 19):
 PSYoungGen      total 17408K, used 17393K [0x00000000eab00000, 0x00000000ec680000, 0x0000000100000000)
  eden space 12800K, 100% used [0x00000000eab00000,0x00000000eb780000,0x00000000eb780000)
  from space 4608K, 99% used [0x00000000ebe00000,0x00000000ec27c7b8,0x00000000ec280000)
  to   space 6656K, 0% used [0x00000000eb780000,0x00000000eb780000,0x00000000ebe00000)
 ParOldGen       total 336384K, used 303576K [0x00000000c0000000, 0x00000000d4880000, 0x00000000eab00000)
  object space 336384K, 90% used [0x00000000c0000000,0x00000000d2876278,0x00000000d4880000)
 Metaspace       used 78371K, committed 79680K, reserved 1179648K
  class space    used 8103K, committed 8704K, reserved 1048576K
}
Event: 59.281 GC heap after
{Heap after GC invocations=858 (full 19):
 PSYoungGen      total 16384K, used 3436K [0x00000000eab00000, 0x00000000ec180000, 0x0000000100000000)
  eden space 12800K, 0% used [0x00000000eab00000,0x00000000eab00000,0x00000000eb780000)
  from space 3584K, 95% used [0x00000000eb780000,0x00000000ebadb008,0x00000000ebb00000)
  to   space 4608K, 0% used [0x00000000ebd00000,0x00000000ebd00000,0x00000000ec180000)
 ParOldGen       total 336384K, used 306211K [0x00000000c0000000, 0x00000000d4880000, 0x00000000eab00000)
  object space 336384K, 91% used [0x00000000c0000000,0x00000000d2b08f60,0x00000000d4880000)
 Metaspace       used 78371K, committed 79680K, reserved 1179648K
  class space    used 8103K, committed 8704K, reserved 1048576K
}
Event: 59.595 GC heap before
{Heap before GC invocations=859 (full 19):
 PSYoungGen      total 16384K, used 16236K [0x00000000eab00000, 0x00000000ec180000, 0x0000000100000000)
  eden space 12800K, 100% used [0x00000000eab00000,0x00000000eb780000,0x00000000eb780000)
  from space 3584K, 95% used [0x00000000eb780000,0x00000000ebadb008,0x00000000ebb00000)
  to   space 4608K, 0% used [0x00000000ebd00000,0x00000000ebd00000,0x00000000ec180000)
 ParOldGen       total 336384K, used 306211K [0x00000000c0000000, 0x00000000d4880000, 0x00000000eab00000)
  object space 336384K, 91% used [0x00000000c0000000,0x00000000d2b08f60,0x00000000d4880000)
 Metaspace       used 78371K, committed 79680K, reserved 1179648K
  class space    used 8103K, committed 8704K, reserved 1048576K
}
Event: 59.599 GC heap after
{Heap after GC invocations=859 (full 19):
 PSYoungGen      total 17408K, used 4600K [0x00000000eab00000, 0x00000000ec180000, 0x0000000100000000)
  eden space 12800K, 0% used [0x00000000eab00000,0x00000000eab00000,0x00000000eb780000)
  from space 4608K, 99% used [0x00000000ebd00000,0x00000000ec17e008,0x00000000ec180000)
  to   space 3584K, 0% used [0x00000000eb780000,0x00000000eb780000,0x00000000ebb00000)
 ParOldGen       total 336384K, used 306483K [0x00000000c0000000, 0x00000000d4880000, 0x00000000eab00000)
  object space 336384K, 91% used [0x00000000c0000000,0x00000000d2b4cf60,0x00000000d4880000)
 Metaspace       used 78371K, committed 79680K, reserved 1179648K
  class space    used 8103K, committed 8704K, reserved 1048576K
}

