# JRE version: OpenJDK Runtime Environment Temurin-17.0.12+7 (17.0.12+7) (build 17.0.12+7)
# Java VM: OpenJDK 64-Bit Server VM Temurin-17.0.12+7 (17.0.12+7, mixed mode, emulated-client, tiered, compressed oops, compressed class ptrs, g1 gc, windows-amd64)
GC Precious Log:
 CPUs: 8 total, 8 available
 Memory: 8029M
 Large Page Support: Disabled
 NUMA Support: Disabled
 Compressed Oops: Enabled (32-bit)
 Heap Region Size: 1M
 Heap Min Capacity: 8M
 Heap Initial Capacity: 126M
 Heap Max Capacity: 1G
 Pre-touch: Disabled
 Parallel Workers: 8
 Concurrent Workers: 2
 Concurrent Refinement Workers: 8
 Periodic GC: Disabled
Heap:
 garbage-first heap   total 75776K, used 33769K [0x00000000c0000000, 0x0000000100000000)
  region size 1024K, 10 young (10240K), 4 survivors (4096K)
 Metaspace       used 36888K, committed 37248K, reserved 1114112K
  class space    used 4579K, committed 4736K, reserved 1048576K
GC Heap History (12 events):
Event: 18.687 GC heap before
{Heap before GC invocations=0 (full 0):
 garbage-first heap   total 129024K, used 28672K [0x00000000c0000000, 0x0000000100000000)
  region size 1024K, 23 young (23552K), 0 survivors (0K)
 Metaspace       used 7973K, committed 8128K, reserved 1114112K
  class space    used 874K, committed 960K, reserved 1048576K
}
Event: 18.698 GC heap after
{Heap after GC invocations=1 (full 0):
 garbage-first heap   total 129024K, used 15765K [0x00000000c0000000, 0x0000000100000000)
  region size 1024K, 3 young (3072K), 3 survivors (3072K)
 Metaspace       used 7973K, committed 8128K, reserved 1114112K
  class space    used 874K, committed 960K, reserved 1048576K
}
Event: 19.656 GC heap before
{Heap before GC invocations=1 (full 0):
 garbage-first heap   total 129024K, used 39317K [0x00000000c0000000, 0x0000000100000000)
  region size 1024K, 26 young (26624K), 3 survivors (3072K)
 Metaspace       used 13874K, committed 14080K, reserved 1114112K
  class space    used 1718K, committed 1856K, reserved 1048576K
}
Event: 19.665 GC heap after
{Heap after GC invocations=2 (full 0):
 garbage-first heap   total 129024K, used 17806K [0x00000000c0000000, 0x0000000100000000)
  region size 1024K, 2 young (2048K), 2 survivors (2048K)
 Metaspace       used 13874K, committed 14080K, reserved 1114112K
  class space    used 1718K, committed 1856K, reserved 1048576K
}
Event: 21.122 GC heap before
{Heap before GC invocations=2 (full 0):
 garbage-first heap   total 129024K, used 50574K [0x00000000c0000000, 0x0000000100000000)
  region size 1024K, 36 young (36864K), 2 survivors (2048K)
 Metaspace       used 21279K, committed 21504K, reserved 1114112K
  class space    used 2601K, committed 2752K, reserved 1048576K
}
Event: 21.132 GC heap after
{Heap after GC invocations=3 (full 0):
 garbage-first heap   total 129024K, used 20657K [0x00000000c0000000, 0x0000000100000000)
  region size 1024K, 5 young (5120K), 5 survivors (5120K)
 Metaspace       used 21279K, committed 21504K, reserved 1114112K
  class space    used 2601K, committed 2752K, reserved 1048576K
}
Event: 23.090 GC heap before
{Heap before GC invocations=4 (full 0):
 garbage-first heap   total 75776K, used 56497K [0x00000000c0000000, 0x0000000100000000)
  region size 1024K, 42 young (43008K), 5 survivors (5120K)
 Metaspace       used 27659K, committed 27904K, reserved 1114112K
  class space    used 3460K, committed 3584K, reserved 1048576K
}
Event: 23.106 GC heap after
{Heap after GC invocations=5 (full 0):
 garbage-first heap   total 75776K, used 24190K [0x00000000c0000000, 0x0000000100000000)
  region size 1024K, 6 young (6144K), 6 survivors (6144K)
 Metaspace       used 27659K, committed 27904K, reserved 1114112K
  class space    used 3460K, committed 3584K, reserved 1048576K
}
Event: 25.641 GC heap before
{Heap before GC invocations=5 (full 0):
 garbage-first heap   total 75776K, used 48766K [0x00000000c0000000, 0x0000000100000000)
  region size 1024K, 31 young (31744K), 6 survivors (6144K)
 Metaspace       used 31681K, committed 32064K, reserved 1114112K
  class space    used 4014K, committed 4224K, reserved 1048576K
}
Event: 25.667 GC heap after
{Heap after GC invocations=6 (full 0):
 garbage-first heap   total 75776K, used 25606K [0x00000000c0000000, 0x0000000100000000)
  region size 1024K, 2 young (2048K), 2 survivors (2048K)
 Metaspace       used 31681K, committed 32064K, reserved 1114112K
  class space    used 4014K, committed 4224K, reserved 1048576K
}
Event: 28.417 GC heap before
{Heap before GC invocations=6 (full 0):
 garbage-first heap   total 75776K, used 52230K [0x00000000c0000000, 0x0000000100000000)
  region size 1024K, 28 young (28672K), 2 survivors (2048K)
 Metaspace       used 35575K, committed 35968K, reserved 1114112K
  class space    used 4387K, committed 4608K, reserved 1048576K
}
Event: 28.431 GC heap after
{Heap after GC invocations=7 (full 0):
 garbage-first heap   total 75776K, used 28649K [0x00000000c0000000, 0x0000000100000000)
  region size 1024K, 4 young (4096K), 4 survivors (4096K)
 Metaspace       used 35575K, committed 35968K, reserved 1114112K
  class space    used 4387K, committed 4608K, reserved 1048576K
}

