# JRE version: OpenJDK Runtime Environment Temurin-17.0.12+7 (17.0.12+7) (build 17.0.12+7)
# Java VM: OpenJDK 64-Bit Server VM Temurin-17.0.12+7 (17.0.12+7, mixed mode, emulated-client, tiered, compressed oops, compressed class ptrs, g1 gc, windows-amd64)
GC Precious Log:
 CPUs: 8 total, 8 available
 Memory: 8029M
 Large Page Support: Disabled
 NUMA Support: Disabled
 Compressed Oops: Enabled (32-bit)
 Heap Region Size: 1M
 Heap Min Capacity: 8M
 Heap Initial Capacity: 126M
 Heap Max Capacity: 1G
 Pre-touch: Disabled
 Parallel Workers: 8
 Concurrent Workers: 2
 Concurrent Refinement Workers: 8
 Periodic GC: Disabled
Heap:
 garbage-first heap   total 75776K, used 25449K [0x00000000c0000000, 0x0000000100000000)
  region size 1024K, 1 young (1024K), 0 survivors (0K)
 Metaspace       used 41216K, committed 41600K, reserved 1114112K
  class space    used 5293K, committed 5504K, reserved 1048576K
GC Heap History (20 events):
Event: 7131.673 GC heap after
{Heap after GC invocations=548 (full 539):
 garbage-first heap   total 75776K, used 25449K [0x00000000c0000000, 0x0000000100000000)
  region size 1024K, 0 young (0K), 0 survivors (0K)
 Metaspace       used 41216K, committed 41600K, reserved 1114112K
  class space    used 5293K, committed 5504K, reserved 1048576K
}
Event: 7142.212 GC heap before
{Heap before GC invocations=548 (full 539):
 garbage-first heap   total 75776K, used 25449K [0x00000000c0000000, 0x0000000100000000)
  region size 1024K, 1 young (1024K), 0 survivors (0K)
 Metaspace       used 41216K, committed 41600K, reserved 1114112K
  class space    used 5293K, committed 5504K, reserved 1048576K
}
Event: 7142.254 GC heap after
{Heap after GC invocations=549 (full 540):
 garbage-first heap   total 75776K, used 25449K [0x00000000c0000000, 0x0000000100000000)
  region size 1024K, 0 young (0K), 0 survivors (0K)
 Metaspace       used 41216K, committed 41600K, reserved 1114112K
  class space    used 5293K, committed 5504K, reserved 1048576K
}
Event: 7152.455 GC heap before
{Heap before GC invocations=549 (full 540):
 garbage-first heap   total 75776K, used 25449K [0x00000000c0000000, 0x0000000100000000)
  region size 1024K, 1 young (1024K), 0 survivors (0K)
 Metaspace       used 41216K, committed 41600K, reserved 1114112K
  class space    used 5293K, committed 5504K, reserved 1048576K
}
Event: 7152.474 GC heap after
{Heap after GC invocations=550 (full 541):
 garbage-first heap   total 75776K, used 25449K [0x00000000c0000000, 0x0000000100000000)
  region size 1024K, 0 young (0K), 0 survivors (0K)
 Metaspace       used 41216K, committed 41600K, reserved 1114112K
  class space    used 5293K, committed 5504K, reserved 1048576K
}
Event: 7162.919 GC heap before
{Heap before GC invocations=550 (full 541):
 garbage-first heap   total 75776K, used 25449K [0x00000000c0000000, 0x0000000100000000)
  region size 1024K, 1 young (1024K), 0 survivors (0K)
 Metaspace       used 41216K, committed 41600K, reserved 1114112K
  class space    used 5293K, committed 5504K, reserved 1048576K
}
Event: 7162.953 GC heap after
{Heap after GC invocations=551 (full 542):
 garbage-first heap   total 75776K, used 25449K [0x00000000c0000000, 0x0000000100000000)
  region size 1024K, 0 young (0K), 0 survivors (0K)
 Metaspace       used 41216K, committed 41600K, reserved 1114112K
  class space    used 5293K, committed 5504K, reserved 1048576K
}
Event: 7173.168 GC heap before
{Heap before GC invocations=551 (full 542):
 garbage-first heap   total 75776K, used 25449K [0x00000000c0000000, 0x0000000100000000)
  region size 1024K, 1 young (1024K), 0 survivors (0K)
 Metaspace       used 41216K, committed 41600K, reserved 1114112K
  class space    used 5293K, committed 5504K, reserved 1048576K
}
Event: 7173.188 GC heap after
{Heap after GC invocations=552 (full 543):
 garbage-first heap   total 75776K, used 25449K [0x00000000c0000000, 0x0000000100000000)
  region size 1024K, 0 young (0K), 0 survivors (0K)
 Metaspace       used 41216K, committed 41600K, reserved 1114112K
  class space    used 5293K, committed 5504K, reserved 1048576K
}
Event: 7183.382 GC heap before
{Heap before GC invocations=552 (full 543):
 garbage-first heap   total 75776K, used 25449K [0x00000000c0000000, 0x0000000100000000)
  region size 1024K, 1 young (1024K), 0 survivors (0K)
 Metaspace       used 41216K, committed 41600K, reserved 1114112K
  class space    used 5293K, committed 5504K, reserved 1048576K
}
Event: 7183.411 GC heap after
{Heap after GC invocations=553 (full 544):
 garbage-first heap   total 75776K, used 25449K [0x00000000c0000000, 0x0000000100000000)
  region size 1024K, 0 young (0K), 0 survivors (0K)
 Metaspace       used 41216K, committed 41600K, reserved 1114112K
  class space    used 5293K, committed 5504K, reserved 1048576K
}
Event: 7193.574 GC heap before
{Heap before GC invocations=553 (full 544):
 garbage-first heap   total 75776K, used 25449K [0x00000000c0000000, 0x0000000100000000)
  region size 1024K, 1 young (1024K), 0 survivors (0K)
 Metaspace       used 41216K, committed 41600K, reserved 1114112K
  class space    used 5293K, committed 5504K, reserved 1048576K
}
Event: 7193.596 GC heap after
{Heap after GC invocations=554 (full 545):
 garbage-first heap   total 75776K, used 25449K [0x00000000c0000000, 0x0000000100000000)
  region size 1024K, 0 young (0K), 0 survivors (0K)
 Metaspace       used 41216K, committed 41600K, reserved 1114112K
  class space    used 5293K, committed 5504K, reserved 1048576K
}
Event: 7203.873 GC heap before
{Heap before GC invocations=554 (full 545):
 garbage-first heap   total 75776K, used 25449K [0x00000000c0000000, 0x0000000100000000)
  region size 1024K, 1 young (1024K), 0 survivors (0K)
 Metaspace       used 41216K, committed 41600K, reserved 1114112K
  class space    used 5293K, committed 5504K, reserved 1048576K
}
Event: 7203.906 GC heap after
{Heap after GC invocations=555 (full 546):
 garbage-first heap   total 75776K, used 25449K [0x00000000c0000000, 0x0000000100000000)
  region size 1024K, 0 young (0K), 0 survivors (0K)
 Metaspace       used 41216K, committed 41600K, reserved 1114112K
  class space    used 5293K, committed 5504K, reserved 1048576K
}
Event: 7214.232 GC heap before
{Heap before GC invocations=555 (full 546):
 garbage-first heap   total 75776K, used 25449K [0x00000000c0000000, 0x0000000100000000)
  region size 1024K, 1 young (1024K), 0 survivors (0K)
 Metaspace       used 41216K, committed 41600K, reserved 1114112K
  class space    used 5293K, committed 5504K, reserved 1048576K
}
Event: 7214.270 GC heap after
{Heap after GC invocations=556 (full 547):
 garbage-first heap   total 75776K, used 25449K [0x00000000c0000000, 0x0000000100000000)
  region size 1024K, 0 young (0K), 0 survivors (0K)
 Metaspace       used 41216K, committed 41600K, reserved 1114112K
  class space    used 5293K, committed 5504K, reserved 1048576K
}
Event: 7224.888 GC heap before
{Heap before GC invocations=556 (full 547):
 garbage-first heap   total 75776K, used 25449K [0x00000000c0000000, 0x0000000100000000)
  region size 1024K, 1 young (1024K), 0 survivors (0K)
 Metaspace       used 41216K, committed 41600K, reserved 1114112K
  class space    used 5293K, committed 5504K, reserved 1048576K
}
Event: 7224.931 GC heap after
{Heap after GC invocations=557 (full 548):
 garbage-first heap   total 75776K, used 25449K [0x00000000c0000000, 0x0000000100000000)
  region size 1024K, 0 young (0K), 0 survivors (0K)
 Metaspace       used 41216K, committed 41600K, reserved 1114112K
  class space    used 5293K, committed 5504K, reserved 1048576K
}
Event: 7235.005 GC heap before
{Heap before GC invocations=557 (full 548):
 garbage-first heap   total 75776K, used 25449K [0x00000000c0000000, 0x0000000100000000)
  region size 1024K, 1 young (1024K), 0 survivors (0K)
 Metaspace       used 41216K, committed 41600K, reserved 1114112K
  class space    used 5293K, committed 5504K, reserved 1048576K
}

