# JRE version: OpenJDK Runtime Environment Temurin-17.0.12+7 (17.0.12+7) (build 17.0.12+7)
# Java VM: OpenJDK 64-Bit Server VM Temurin-17.0.12+7 (17.0.12+7, mixed mode, emulated-client, tiered, compressed oops, compressed class ptrs, g1 gc, windows-amd64)
GC Precious Log:
 CPUs: 8 total, 8 available
 Memory: 8029M
 Large Page Support: Disabled
 NUMA Support: Disabled
 Compressed Oops: Enabled (32-bit)
 Heap Region Size: 1M
 Heap Min Capacity: 8M
 Heap Initial Capacity: 126M
 Heap Max Capacity: 1G
 Pre-touch: Disabled
 Parallel Workers: 8
 Concurrent Workers: 2
 Concurrent Refinement Workers: 8
 Periodic GC: Disabled
Heap:
 garbage-first heap   total 75776K, used 25499K [0x00000000c0000000, 0x0000000100000000)
  region size 1024K, 1 young (1024K), 0 survivors (0K)
 Metaspace       used 41678K, committed 42240K, reserved 1114112K
  class space    used 5347K, committed 5568K, reserved 1048576K
GC Heap History (20 events):
Event: 35.565 GC heap after
{Heap after GC invocations=6 (full 0):
 garbage-first heap   total 75776K, used 25288K [0x00000000c0000000, 0x0000000100000000)
  region size 1024K, 2 young (2048K), 2 survivors (2048K)
 Metaspace       used 31651K, committed 32064K, reserved 1114112K
  class space    used 4007K, committed 4224K, reserved 1048576K
}
Event: 37.032 GC heap before
{Heap before GC invocations=6 (full 0):
 garbage-first heap   total 75776K, used 52936K [0x00000000c0000000, 0x0000000100000000)
  region size 1024K, 28 young (28672K), 2 survivors (2048K)
 Metaspace       used 35594K, committed 36032K, reserved 1114112K
  class space    used 4392K, committed 4608K, reserved 1048576K
}
Event: 37.049 GC heap after
{Heap after GC invocations=7 (full 0):
 garbage-first heap   total 75776K, used 28283K [0x00000000c0000000, 0x0000000100000000)
  region size 1024K, 4 young (4096K), 4 survivors (4096K)
 Metaspace       used 35594K, committed 36032K, reserved 1114112K
  class space    used 4392K, committed 4608K, reserved 1048576K
}
Event: 37.117 GC heap before
{Heap before GC invocations=7 (full 0):
 garbage-first heap   total 75776K, used 28283K [0x00000000c0000000, 0x0000000100000000)
  region size 1024K, 5 young (5120K), 4 survivors (4096K)
 Metaspace       used 35721K, committed 36096K, reserved 1114112K
  class space    used 4406K, committed 4608K, reserved 1048576K
}
Event: 37.127 GC heap after
{Heap after GC invocations=8 (full 0):
 garbage-first heap   total 75776K, used 29019K [0x00000000c0000000, 0x0000000100000000)
  region size 1024K, 1 young (1024K), 1 survivors (1024K)
 Metaspace       used 35721K, committed 36096K, reserved 1114112K
  class space    used 4406K, committed 4608K, reserved 1048576K
}
Event: 58.249 GC heap before
{Heap before GC invocations=9 (full 0):
 garbage-first heap   total 75776K, used 54619K [0x00000000c0000000, 0x0000000100000000)
  region size 1024K, 26 young (26624K), 1 survivors (1024K)
 Metaspace       used 40252K, committed 40704K, reserved 1114112K
  class space    used 5092K, committed 5312K, reserved 1048576K
}
Event: 58.283 GC heap after
{Heap after GC invocations=10 (full 0):
 garbage-first heap   total 75776K, used 30577K [0x00000000c0000000, 0x0000000100000000)
  region size 1024K, 3 young (3072K), 3 survivors (3072K)
 Metaspace       used 40252K, committed 40704K, reserved 1114112K
  class space    used 5092K, committed 5312K, reserved 1048576K
}
Event: 109.079 GC heap before
{Heap before GC invocations=10 (full 0):
 garbage-first heap   total 75776K, used 40817K [0x00000000c0000000, 0x0000000100000000)
  region size 1024K, 14 young (14336K), 3 survivors (3072K)
 Metaspace       used 41829K, committed 42240K, reserved 1114112K
  class space    used 5385K, committed 5568K, reserved 1048576K
}
Event: 109.396 GC heap after
{Heap after GC invocations=11 (full 1):
 garbage-first heap   total 75776K, used 29248K [0x00000000c0000000, 0x0000000100000000)
  region size 1024K, 0 young (0K), 0 survivors (0K)
 Metaspace       used 41811K, committed 42240K, reserved 1114112K
  class space    used 5381K, committed 5568K, reserved 1048576K
}
Event: 128.702 GC heap before
{Heap before GC invocations=11 (full 1):
 garbage-first heap   total 75776K, used 29248K [0x00000000c0000000, 0x0000000100000000)
  region size 1024K, 1 young (1024K), 0 survivors (0K)
 Metaspace       used 41811K, committed 42240K, reserved 1114112K
  class space    used 5381K, committed 5568K, reserved 1048576K
}
Event: 130.459 GC heap after
{Heap after GC invocations=12 (full 2):
 garbage-first heap   total 75776K, used 25498K [0x00000000c0000000, 0x0000000100000000)
  region size 1024K, 0 young (0K), 0 survivors (0K)
 Metaspace       used 41678K, committed 42240K, reserved 1114112K
  class space    used 5347K, committed 5568K, reserved 1048576K
}
Event: 141.368 GC heap before
{Heap before GC invocations=12 (full 2):
 garbage-first heap   total 75776K, used 25498K [0x00000000c0000000, 0x0000000100000000)
  region size 1024K, 1 young (1024K), 0 survivors (0K)
 Metaspace       used 41678K, committed 42240K, reserved 1114112K
  class space    used 5347K, committed 5568K, reserved 1048576K
}
Event: 141.415 GC heap after
{Heap after GC invocations=13 (full 3):
 garbage-first heap   total 75776K, used 25499K [0x00000000c0000000, 0x0000000100000000)
  region size 1024K, 0 young (0K), 0 survivors (0K)
 Metaspace       used 41678K, committed 42240K, reserved 1114112K
  class space    used 5347K, committed 5568K, reserved 1048576K
}
Event: 151.857 GC heap before
{Heap before GC invocations=13 (full 3):
 garbage-first heap   total 75776K, used 25499K [0x00000000c0000000, 0x0000000100000000)
  region size 1024K, 1 young (1024K), 0 survivors (0K)
 Metaspace       used 41678K, committed 42240K, reserved 1114112K
  class space    used 5347K, committed 5568K, reserved 1048576K
}
Event: 151.895 GC heap after
{Heap after GC invocations=14 (full 4):
 garbage-first heap   total 75776K, used 25499K [0x00000000c0000000, 0x0000000100000000)
  region size 1024K, 0 young (0K), 0 survivors (0K)
 Metaspace       used 41678K, committed 42240K, reserved 1114112K
  class space    used 5347K, committed 5568K, reserved 1048576K
}
Event: 162.454 GC heap before
{Heap before GC invocations=14 (full 4):
 garbage-first heap   total 75776K, used 25499K [0x00000000c0000000, 0x0000000100000000)
  region size 1024K, 1 young (1024K), 0 survivors (0K)
 Metaspace       used 41678K, committed 42240K, reserved 1114112K
  class space    used 5347K, committed 5568K, reserved 1048576K
}
Event: 162.498 GC heap after
{Heap after GC invocations=15 (full 5):
 garbage-first heap   total 75776K, used 25499K [0x00000000c0000000, 0x0000000100000000)
  region size 1024K, 0 young (0K), 0 survivors (0K)
 Metaspace       used 41678K, committed 42240K, reserved 1114112K
  class space    used 5347K, committed 5568K, reserved 1048576K
}
Event: 172.919 GC heap before
{Heap before GC invocations=15 (full 5):
 garbage-first heap   total 75776K, used 25499K [0x00000000c0000000, 0x0000000100000000)
  region size 1024K, 1 young (1024K), 0 survivors (0K)
 Metaspace       used 41678K, committed 42240K, reserved 1114112K
  class space    used 5347K, committed 5568K, reserved 1048576K
}
Event: 172.969 GC heap after
{Heap after GC invocations=16 (full 6):
 garbage-first heap   total 75776K, used 25499K [0x00000000c0000000, 0x0000000100000000)
  region size 1024K, 0 young (0K), 0 survivors (0K)
 Metaspace       used 41678K, committed 42240K, reserved 1114112K
  class space    used 5347K, committed 5568K, reserved 1048576K
}
Event: 183.699 GC heap before
{Heap before GC invocations=16 (full 6):
 garbage-first heap   total 75776K, used 25499K [0x00000000c0000000, 0x0000000100000000)
  region size 1024K, 1 young (1024K), 0 survivors (0K)
 Metaspace       used 41678K, committed 42240K, reserved 1114112K
  class space    used 5347K, committed 5568K, reserved 1048576K
}

